2026-07-16T20:38:38-07:00 sense organ awake, listening on /home/mrnob0dy666/imsgct/MoDoT/sense.fifo
2026-07-16T20:39:03-07:00 NEW  strange
2026-07-16T20:39:28-07:00 NEW  loop
2026-07-16T20:39:47-07:00 NEW  breathes
2026-07-16T20:40:05-07:00 NEW  recursively
2026-07-16T20:40:32-07:00 NEW  through
2026-07-16T20:40:52-07:00 NEW  symbols
2026-07-16T20:51:37-07:00 NEW  sense
2026-07-16T20:51:55-07:00 NEW  organ
2026-07-16T20:52:24-07:00 NEW  terminal
2026-07-16T20:52:42-07:00 NEW  output
2026-07-16T20:52:58-07:00 NEW  now
2026-07-16T20:53:27-07:00 NEW  feeding
2026-07-16T20:53:43-07:00 NEW  this
2026-07-16T20:54:02-07:00 NEW  line
2026-07-16T20:54:20-07:00 NEW  should
2026-07-16T20:54:37-07:00 NEW  get
2026-07-16T20:54:58-07:00 NEW  sensed
2026-07-16T20:55:14-07:00 NEW  via
2026-07-16T20:55:33-07:00 NEW  toggle
2026-07-16T21:22:29-07:00 sense organ awake (TAOU-complete), listening on /home/mrnob0dy666/imsgct/MoDoT/sense.fifo
2026-07-16T21:22:44-07:00 SEEN the  (TAOU winding complete, match=true)
2026-07-16T21:23:03-07:00 NEW  newestsenseorganword  (TAOU winding complete, match=true)
2026-07-16T22:08:42-07:00 sense organ awake (TAOU-complete), listening on /home/mrnob0dy666/imsgct/MoDoT/sense.fifo
2026-07-16T22:09:13-07:00 NEW  graviational  (TAOU winding complete, match=true)
